
============================================================
  DAILY METRICS — 2026-03-24 07:51 UTC
============================================================
  Daily PnL:        +0.00%
  Max Drawdown:     0.00%
  Trades Taken:     0
  Win Rate:         0.0%
  Avg Win:          +0.00%
  Avg Loss:         +0.00%
  SL Hits:          0
  Gap Events:       0
============================================================

CSV:2026-03-24 07:51 UTC,+0.00,0,0.0,+0.00,+0.00,0.00,0,0

============================================================
  DAILY METRICS — 2026-03-24 10:23 UTC
============================================================
  Daily PnL:        +0.00%
  Max Drawdown:     0.00%
  Trades Taken:     0
  Win Rate:         0.0%
  Avg Win:          +0.00%
  Avg Loss:         +0.00%
  SL Hits:          0
  Gap Events:       0
============================================================

CSV:2026-03-24 10:23 UTC,+0.00,0,0.0,+0.00,+0.00,0.00,0,0

============================================================
  DAILY METRICS — 2026-03-24 12:54 UTC
============================================================
  Daily PnL:        +0.00%
  Max Drawdown:     0.00%
  Trades Taken:     0
  Win Rate:         0.0%
  Avg Win:          +0.00%
  Avg Loss:         +0.00%
  SL Hits:          0
  Gap Events:       0
============================================================

CSV:2026-03-24 12:54 UTC,+0.00,0,0.0,+0.00,+0.00,0.00,0,0

============================================================
  DAILY METRICS — 2026-03-24 15:26 UTC
============================================================
  Daily PnL:        +0.00%
  Max Drawdown:     0.00%
  Trades Taken:     0
  Win Rate:         0.0%
  Avg Win:          +0.00%
  Avg Loss:         +0.00%
  SL Hits:          0
  Gap Events:       0
============================================================

CSV:2026-03-24 15:26 UTC,+0.00,0,0.0,+0.00,+0.00,0.00,0,0

============================================================
  DAILY METRICS — 2026-03-26 08:58 UTC
============================================================
  Daily PnL:        +0.11%
  Max Drawdown:     0.25%
  Trades Taken:     7
  Win Rate:         57.1%
  Avg Win:          +0.14%
  Avg Loss:         -0.13%
  SL Hits:          0
  Gap Events:       0
============================================================

CSV:2026-03-26 08:58 UTC,+0.11,7,57.1,+0.14,-0.13,0.25,0,0

============================================================
  DAILY METRICS — 2026-03-26 12:04 UTC
============================================================
  Daily PnL:        +0.15%
  Max Drawdown:     0.25%
  Trades Taken:     9
  Win Rate:         77.8%
  Avg Win:          +0.67%
  Avg Loss:         -0.63%
  SL Hits:          1
  Gap Events:       0
============================================================

CSV:2026-03-26 12:04 UTC,+0.15,9,77.8,+0.67,-0.63,0.25,1,0

============================================================
  DAILY METRICS — 2026-03-26 14:53 UTC
============================================================
  Daily PnL:        -0.09%
  Max Drawdown:     0.10%
  Trades Taken:     6
  Win Rate:         50.0%
  Avg Win:          +0.17%
  Avg Loss:         -0.52%
  SL Hits:          0
  Gap Events:       0
============================================================

CSV:2026-03-26 14:53 UTC,-0.09,6,50.0,+0.17,-0.52,0.10,0,0

============================================================
  DAILY METRICS — 2026-03-26 17:27 UTC
============================================================
  Daily PnL:        +0.00%
  Max Drawdown:     0.00%
  Trades Taken:     0
  Win Rate:         0.0%
  Avg Win:          +0.00%
  Avg Loss:         +0.00%
  SL Hits:          0
  Gap Events:       0
============================================================

CSV:2026-03-26 17:27 UTC,+0.00,0,0.0,+0.00,+0.00,0.00,0,0

============================================================
  DAILY METRICS — 2026-03-26 20:01 UTC
============================================================
  Daily PnL:        +0.00%
  Max Drawdown:     0.00%
  Trades Taken:     0
  Win Rate:         0.0%
  Avg Win:          +0.00%
  Avg Loss:         +0.00%
  SL Hits:          0
  Gap Events:       0
============================================================

CSV:2026-03-26 20:01 UTC,+0.00,0,0.0,+0.00,+0.00,0.00,0,0

============================================================
  DAILY METRICS — 2026-03-26 22:33 UTC
============================================================
  Daily PnL:        +0.00%
  Max Drawdown:     0.00%
  Trades Taken:     0
  Win Rate:         0.0%
  Avg Win:          +0.00%
  Avg Loss:         +0.00%
  SL Hits:          0
  Gap Events:       0
============================================================

CSV:2026-03-26 22:33 UTC,+0.00,0,0.0,+0.00,+0.00,0.00,0,0

============================================================
  DAILY METRICS — 2026-03-27 01:05 UTC
============================================================
  Daily PnL:        +0.00%
  Max Drawdown:     0.00%
  Trades Taken:     0
  Win Rate:         0.0%
  Avg Win:          +0.00%
  Avg Loss:         +0.00%
  SL Hits:          0
  Gap Events:       0
============================================================

CSV:2026-03-27 01:05 UTC,+0.00,0,0.0,+0.00,+0.00,0.00,0,0

============================================================
  DAILY METRICS — 2026-03-27 02:37 UTC
============================================================
  Daily PnL:        -0.21%
  Max Drawdown:     0.44%
  Trades Taken:     14
  Win Rate:         42.9%
  Avg Win:          +1.46%
  Avg Loss:         -0.85%
  SL Hits:          5
  Gap Events:       0
============================================================

CSV:2026-03-27 02:37 UTC,-0.21,14,42.9,+1.46,-0.85,0.44,5,0

============================================================
  DAILY METRICS — 2026-03-27 03:38 UTC
============================================================
  Daily PnL:        +0.00%
  Max Drawdown:     0.00%
  Trades Taken:     0
  Win Rate:         0.0%
  Avg Win:          +0.00%
  Avg Loss:         +0.00%
  SL Hits:          0
  Gap Events:       0
============================================================

CSV:2026-03-27 03:38 UTC,+0.00,0,0.0,+0.00,+0.00,0.00,0,0

============================================================
  DAILY METRICS — 2026-03-27 06:10 UTC
============================================================
  Daily PnL:        +0.00%
  Max Drawdown:     0.00%
  Trades Taken:     0
  Win Rate:         0.0%
  Avg Win:          +0.00%
  Avg Loss:         +0.00%
  SL Hits:          0
  Gap Events:       0
============================================================

CSV:2026-03-27 06:10 UTC,+0.00,0,0.0,+0.00,+0.00,0.00,0,0

============================================================
  DAILY METRICS — 2026-03-27 07:11 UTC
============================================================
  Daily PnL:        -0.26%
  Max Drawdown:     0.57%
  Trades Taken:     15
  Win Rate:         33.3%
  Avg Win:          +1.08%
  Avg Loss:         -0.54%
  SL Hits:          4
  Gap Events:       1
============================================================

CSV:2026-03-27 07:11 UTC,-0.26,15,33.3,+1.08,-0.54,0.57,4,1

============================================================
  DAILY METRICS — 2026-03-27 08:43 UTC
============================================================
  Daily PnL:        +0.00%
  Max Drawdown:     0.00%
  Trades Taken:     0
  Win Rate:         0.0%
  Avg Win:          +0.00%
  Avg Loss:         +0.00%
  SL Hits:          0
  Gap Events:       0
============================================================

CSV:2026-03-27 08:43 UTC,+0.00,0,0.0,+0.00,+0.00,0.00,0,0

============================================================
  DAILY METRICS — 2026-03-27 09:18 UTC
============================================================
  Daily PnL:        -0.00%
  Max Drawdown:     0.01%
  Trades Taken:     1
  Win Rate:         100.0%
  Avg Win:          +1.81%
  Avg Loss:         +0.00%
  SL Hits:          0
  Gap Events:       0
============================================================

CSV:2026-03-27 09:18 UTC,-0.00,1,100.0,+1.81,+0.00,0.01,0,0

============================================================
  DAILY METRICS — 2026-03-27 11:14 UTC
============================================================
  Daily PnL:        +0.00%
  Max Drawdown:     0.00%
  Trades Taken:     0
  Win Rate:         0.0%
  Avg Win:          +0.00%
  Avg Loss:         +0.00%
  SL Hits:          0
  Gap Events:       0
============================================================

CSV:2026-03-27 11:14 UTC,+0.00,0,0.0,+0.00,+0.00,0.00,0,0

============================================================
  DAILY METRICS — 2026-03-27 11:24 UTC
============================================================
  Daily PnL:        +0.00%
  Max Drawdown:     0.00%
  Trades Taken:     0
  Win Rate:         0.0%
  Avg Win:          +0.00%
  Avg Loss:         +0.00%
  SL Hits:          0
  Gap Events:       0
============================================================

CSV:2026-03-27 11:24 UTC,+0.00,0,0.0,+0.00,+0.00,0.00,0,0

============================================================
  DAILY METRICS — 2026-03-27 13:31 UTC
============================================================
  Daily PnL:        +0.00%
  Max Drawdown:     0.00%
  Trades Taken:     0
  Win Rate:         0.0%
  Avg Win:          +0.00%
  Avg Loss:         +0.00%
  SL Hits:          0
  Gap Events:       0
============================================================

CSV:2026-03-27 13:31 UTC,+0.00,0,0.0,+0.00,+0.00,0.00,0,0

============================================================
  DAILY METRICS — 2026-03-27 13:46 UTC
============================================================
  Daily PnL:        +0.00%
  Max Drawdown:     0.00%
  Trades Taken:     0
  Win Rate:         0.0%
  Avg Win:          +0.00%
  Avg Loss:         +0.00%
  SL Hits:          0
  Gap Events:       0
============================================================

CSV:2026-03-27 13:46 UTC,+0.00,0,0.0,+0.00,+0.00,0.00,0,0

============================================================
  DAILY METRICS — 2026-03-27 15:38 UTC
============================================================
  Daily PnL:        +0.00%
  Max Drawdown:     0.00%
  Trades Taken:     0
  Win Rate:         0.0%
  Avg Win:          +0.00%
  Avg Loss:         +0.00%
  SL Hits:          0
  Gap Events:       0
============================================================

CSV:2026-03-27 15:38 UTC,+0.00,0,0.0,+0.00,+0.00,0.00,0,0

============================================================
  DAILY METRICS — 2026-03-27 16:18 UTC
============================================================
  Daily PnL:        +0.00%
  Max Drawdown:     0.00%
  Trades Taken:     0
  Win Rate:         0.0%
  Avg Win:          +0.00%
  Avg Loss:         +0.00%
  SL Hits:          0
  Gap Events:       0
============================================================

CSV:2026-03-27 16:18 UTC,+0.00,0,0.0,+0.00,+0.00,0.00,0,0

============================================================
  DAILY METRICS — 2026-03-27 17:46 UTC
============================================================
  Daily PnL:        +0.00%
  Max Drawdown:     0.00%
  Trades Taken:     0
  Win Rate:         0.0%
  Avg Win:          +0.00%
  Avg Loss:         +0.00%
  SL Hits:          0
  Gap Events:       0
============================================================

CSV:2026-03-27 17:46 UTC,+0.00,0,0.0,+0.00,+0.00,0.00,0,0

============================================================
  DAILY METRICS — 2026-03-27 18:51 UTC
============================================================
  Daily PnL:        +0.00%
  Max Drawdown:     0.00%
  Trades Taken:     0
  Win Rate:         0.0%
  Avg Win:          +0.00%
  Avg Loss:         +0.00%
  SL Hits:          0
  Gap Events:       0
============================================================

CSV:2026-03-27 18:51 UTC,+0.00,0,0.0,+0.00,+0.00,0.00,0,0

============================================================
  DAILY METRICS — 2026-03-27 20:17 UTC
============================================================
  Daily PnL:        +0.00%
  Max Drawdown:     0.00%
  Trades Taken:     0
  Win Rate:         0.0%
  Avg Win:          +0.00%
  Avg Loss:         +0.00%
  SL Hits:          0
  Gap Events:       0
============================================================

CSV:2026-03-27 20:17 UTC,+0.00,0,0.0,+0.00,+0.00,0.00,0,0

============================================================
  DAILY METRICS — 2026-03-27 21:45 UTC
============================================================
  Daily PnL:        +0.00%
  Max Drawdown:     0.00%
  Trades Taken:     0
  Win Rate:         0.0%
  Avg Win:          +0.00%
  Avg Loss:         +0.00%
  SL Hits:          0
  Gap Events:       0
============================================================

CSV:2026-03-27 21:45 UTC,+0.00,0,0.0,+0.00,+0.00,0.00,0,0

============================================================
  DAILY METRICS — 2026-03-27 22:31 UTC
============================================================
  Daily PnL:        +0.00%
  Max Drawdown:     0.00%
  Trades Taken:     0
  Win Rate:         0.0%
  Avg Win:          +0.00%
  Avg Loss:         +0.00%
  SL Hits:          0
  Gap Events:       0
============================================================

CSV:2026-03-27 22:31 UTC,+0.00,0,0.0,+0.00,+0.00,0.00,0,0

============================================================
  DAILY METRICS — 2026-03-28 03:22 UTC
============================================================
  Daily PnL:        -0.87%
  Max Drawdown:     0.91%
  Trades Taken:     8
  Win Rate:         37.5%
  Avg Win:          +0.71%
  Avg Loss:         -1.00%
  SL Hits:          3
  Gap Events:       1
============================================================

CSV:2026-03-28 03:22 UTC,-0.87,8,37.5,+0.71,-1.00,0.91,3,1

============================================================
  DAILY METRICS — 2026-03-28 20:30 UTC
============================================================
  Daily PnL:        -0.19%
  Max Drawdown:     0.21%
  Trades Taken:     11
  Win Rate:         27.3%
  Avg Win:          +2.45%
  Avg Loss:         -0.29%
  SL Hits:          0
  Gap Events:       0
============================================================

CSV:2026-03-28 20:30 UTC,-0.19,11,27.3,+2.45,-0.29,0.21,0,0

============================================================
  DAILY METRICS — 2026-03-28 22:42 UTC
============================================================
  Daily PnL:        +0.00%
  Max Drawdown:     0.00%
  Trades Taken:     0
  Win Rate:         0.0%
  Avg Win:          +0.00%
  Avg Loss:         +0.00%
  SL Hits:          0
  Gap Events:       0
============================================================

CSV:2026-03-28 22:42 UTC,+0.00,0,0.0,+0.00,+0.00,0.00,0,0

============================================================
  DAILY METRICS — 2026-03-29 00:55 UTC
============================================================
  Daily PnL:        +0.28%
  Max Drawdown:     0.30%
  Trades Taken:     2
  Win Rate:         50.0%
  Avg Win:          +6.26%
  Avg Loss:         -0.06%
  SL Hits:          0
  Gap Events:       0
============================================================

CSV:2026-03-29 00:55 UTC,+0.28,2,50.0,+6.26,-0.06,0.30,0,0

============================================================
  DAILY METRICS — 2026-03-29 03:08 UTC
============================================================
  Daily PnL:        +0.00%
  Max Drawdown:     0.00%
  Trades Taken:     0
  Win Rate:         0.0%
  Avg Win:          +0.00%
  Avg Loss:         +0.00%
  SL Hits:          0
  Gap Events:       0
============================================================

CSV:2026-03-29 03:08 UTC,+0.00,0,0.0,+0.00,+0.00,0.00,0,0

============================================================
  DAILY METRICS — 2026-03-29 07:13 UTC
============================================================
  Daily PnL:        -1.28%
  Max Drawdown:     1.29%
  Trades Taken:     21
  Win Rate:         28.6%
  Avg Win:          +0.15%
  Avg Loss:         -0.72%
  SL Hits:          4
  Gap Events:       0
============================================================

CSV:2026-03-29 07:13 UTC,-1.28,21,28.6,+0.15,-0.72,1.29,4,0

============================================================
  DAILY METRICS — 2026-03-29 09:26 UTC
============================================================
  Daily PnL:        -0.07%
  Max Drawdown:     0.11%
  Trades Taken:     19
  Win Rate:         31.6%
  Avg Win:          +1.32%
  Avg Loss:         -0.71%
  SL Hits:          3
  Gap Events:       0
============================================================

CSV:2026-03-29 09:26 UTC,-0.07,19,31.6,+1.32,-0.71,0.11,3,0

============================================================
  DAILY METRICS — 2026-03-29 11:38 UTC
============================================================
  Daily PnL:        +0.00%
  Max Drawdown:     0.03%
  Trades Taken:     4
  Win Rate:         25.0%
  Avg Win:          +1.63%
  Avg Loss:         -0.16%
  SL Hits:          0
  Gap Events:       0
============================================================

CSV:2026-03-29 11:38 UTC,+0.00,4,25.0,+1.63,-0.16,0.03,0,0

============================================================
  DAILY METRICS — 2026-03-29 13:51 UTC
============================================================
  Daily PnL:        -0.01%
  Max Drawdown:     0.04%
  Trades Taken:     6
  Win Rate:         50.0%
  Avg Win:          +0.68%
  Avg Loss:         -0.48%
  SL Hits:          0
  Gap Events:       0
============================================================

CSV:2026-03-29 13:51 UTC,-0.01,6,50.0,+0.68,-0.48,0.04,0,0

============================================================
  DAILY METRICS — 2026-03-29 16:03 UTC
============================================================
  Daily PnL:        +0.01%
  Max Drawdown:     0.05%
  Trades Taken:     4
  Win Rate:         75.0%
  Avg Win:          +0.12%
  Avg Loss:         -0.28%
  SL Hits:          0
  Gap Events:       0
============================================================

CSV:2026-03-29 16:03 UTC,+0.01,4,75.0,+0.12,-0.28,0.05,0,0

============================================================
  DAILY METRICS — 2026-03-29 18:14 UTC
============================================================
  Daily PnL:        -0.00%
  Max Drawdown:     0.03%
  Trades Taken:     5
  Win Rate:         60.0%
  Avg Win:          +0.73%
  Avg Loss:         -0.61%
  SL Hits:          0
  Gap Events:       0
============================================================

CSV:2026-03-29 18:14 UTC,-0.00,5,60.0,+0.73,-0.61,0.03,0,0

============================================================
  DAILY METRICS — 2026-03-29 20:26 UTC
============================================================
  Daily PnL:        -0.07%
  Max Drawdown:     0.07%
  Trades Taken:     7
  Win Rate:         0.0%
  Avg Win:          +0.00%
  Avg Loss:         -0.51%
  SL Hits:          1
  Gap Events:       0
============================================================

CSV:2026-03-29 20:26 UTC,-0.07,7,0.0,+0.00,-0.51,0.07,1,0

============================================================
  DAILY METRICS — 2026-03-29 22:38 UTC
============================================================
  Daily PnL:        -0.01%
  Max Drawdown:     0.03%
  Trades Taken:     4
  Win Rate:         25.0%
  Avg Win:          +1.38%
  Avg Loss:         -0.24%
  SL Hits:          0
  Gap Events:       0
============================================================

CSV:2026-03-29 22:38 UTC,-0.01,4,25.0,+1.38,-0.24,0.03,0,0

============================================================
  DAILY METRICS — 2026-03-30 00:50 UTC
============================================================
  Daily PnL:        -0.06%
  Max Drawdown:     0.09%
  Trades Taken:     5
  Win Rate:         40.0%
  Avg Win:          +0.13%
  Avg Loss:         -1.19%
  SL Hits:          1
  Gap Events:       1
============================================================

CSV:2026-03-30 00:50 UTC,-0.06,5,40.0,+0.13,-1.19,0.09,1,1

============================================================
  DAILY METRICS — 2026-03-30 03:03 UTC
============================================================
  Daily PnL:        -0.03%
  Max Drawdown:     0.06%
  Trades Taken:     5
  Win Rate:         20.0%
  Avg Win:          +0.20%
  Avg Loss:         -0.58%
  SL Hits:          0
  Gap Events:       0
============================================================

CSV:2026-03-30 03:03 UTC,-0.03,5,20.0,+0.20,-0.58,0.06,0,0

============================================================
  DAILY METRICS — 2026-03-30 05:16 UTC
============================================================
  Daily PnL:        -0.10%
  Max Drawdown:     0.10%
  Trades Taken:     7
  Win Rate:         42.9%
  Avg Win:          +0.45%
  Avg Loss:         -0.90%
  SL Hits:          1
  Gap Events:       0
============================================================

CSV:2026-03-30 05:16 UTC,-0.10,7,42.9,+0.45,-0.90,0.10,1,0

============================================================
  DAILY METRICS — 2026-03-30 08:14 UTC
============================================================
  Daily PnL:        -1.08%
  Max Drawdown:     1.14%
  Trades Taken:     24
  Win Rate:         37.5%
  Avg Win:          +0.57%
  Avg Loss:         -0.81%
  SL Hits:          3
  Gap Events:       0
============================================================

CSV:2026-03-30 08:14 UTC,-1.08,24,37.5,+0.57,-0.81,1.14,3,0

============================================================
  DAILY METRICS — 2026-03-30 10:26 UTC
============================================================
  Daily PnL:        -0.23%
  Max Drawdown:     0.26%
  Trades Taken:     19
  Win Rate:         31.6%
  Avg Win:          +1.00%
  Avg Loss:         -0.81%
  SL Hits:          4
  Gap Events:       0
============================================================

CSV:2026-03-30 10:26 UTC,-0.23,19,31.6,+1.00,-0.81,0.26,4,0

============================================================
  DAILY METRICS — 2026-03-30 12:37 UTC
============================================================
  Daily PnL:        -0.07%
  Max Drawdown:     0.07%
  Trades Taken:     6
  Win Rate:         16.7%
  Avg Win:          +1.01%
  Avg Loss:         -0.52%
  SL Hits:          1
  Gap Events:       0
============================================================

CSV:2026-03-30 12:37 UTC,-0.07,6,16.7,+1.01,-0.52,0.07,1,0

============================================================
  DAILY METRICS — 2026-03-30 14:50 UTC
============================================================
  Daily PnL:        -0.14%
  Max Drawdown:     0.14%
  Trades Taken:     6
  Win Rate:         16.7%
  Avg Win:          +0.27%
  Avg Loss:         -1.15%
  SL Hits:          2
  Gap Events:       0
============================================================

CSV:2026-03-30 14:50 UTC,-0.14,6,16.7,+0.27,-1.15,0.14,2,0

============================================================
  DAILY METRICS — 2026-03-30 17:04 UTC
============================================================
  Daily PnL:        -0.02%
  Max Drawdown:     0.05%
  Trades Taken:     5
  Win Rate:         40.0%
  Avg Win:          +0.85%
  Avg Loss:         -0.47%
  SL Hits:          0
  Gap Events:       0
============================================================

CSV:2026-03-30 17:04 UTC,-0.02,5,40.0,+0.85,-0.47,0.05,0,0

============================================================
  DAILY METRICS — 2026-03-30 19:18 UTC
============================================================
  Daily PnL:        -0.04%
  Max Drawdown:     0.05%
  Trades Taken:     6
  Win Rate:         50.0%
  Avg Win:          +0.05%
  Avg Loss:         -0.50%
  SL Hits:          0
  Gap Events:       0
============================================================

CSV:2026-03-30 19:18 UTC,-0.04,6,50.0,+0.05,-0.50,0.05,0,0

============================================================
  DAILY METRICS — 2026-03-30 22:57 UTC
============================================================
  Daily PnL:        +1.23%
  Max Drawdown:     2.14%
  Trades Taken:     9
  Win Rate:         44.4%
  Avg Win:          +1.97%
  Avg Loss:         -0.42%
  SL Hits:          0
  Gap Events:       0
============================================================

CSV:2026-03-30 22:57 UTC,+1.23,9,44.4,+1.97,-0.42,2.14,0,0

============================================================
  DAILY METRICS — 2026-03-31 01:10 UTC
============================================================
  Daily PnL:        -0.52%
  Max Drawdown:     0.54%
  Trades Taken:     23
  Win Rate:         47.8%
  Avg Win:          +0.72%
  Avg Loss:         -0.66%
  SL Hits:          2
  Gap Events:       1
============================================================

CSV:2026-03-31 01:10 UTC,-0.52,23,47.8,+0.72,-0.66,0.54,2,1

============================================================
  DAILY METRICS — 2026-03-31 03:23 UTC
============================================================
  Daily PnL:        -0.20%
  Max Drawdown:     0.26%
  Trades Taken:     18
  Win Rate:         44.4%
  Avg Win:          +0.66%
  Avg Loss:         -0.49%
  SL Hits:          1
  Gap Events:       0
============================================================

CSV:2026-03-31 03:23 UTC,-0.20,18,44.4,+0.66,-0.49,0.26,1,0

============================================================
  DAILY METRICS — 2026-03-31 06:29 UTC
============================================================
  Daily PnL:        -0.79%
  Max Drawdown:     0.80%
  Trades Taken:     23
  Win Rate:         30.4%
  Avg Win:          +1.12%
  Avg Loss:         -0.66%
  SL Hits:          1
  Gap Events:       0
============================================================

CSV:2026-03-31 06:29 UTC,-0.79,23,30.4,+1.12,-0.66,0.80,1,0

============================================================
  DAILY METRICS — 2026-03-31 10:27 UTC
============================================================
  Daily PnL:        -1.20%
  Max Drawdown:     1.23%
  Trades Taken:     27
  Win Rate:         40.7%
  Avg Win:          +0.27%
  Avg Loss:         -1.10%
  SL Hits:          6
  Gap Events:       1
============================================================

CSV:2026-03-31 10:27 UTC,-1.20,27,40.7,+0.27,-1.10,1.23,6,1

============================================================
  DAILY METRICS — 2026-03-31 12:33 UTC
============================================================
  Daily PnL:        -0.03%
  Max Drawdown:     0.08%
  Trades Taken:     13
  Win Rate:         76.9%
  Avg Win:          +0.84%
  Avg Loss:         -0.63%
  SL Hits:          0
  Gap Events:       0
============================================================

CSV:2026-03-31 12:33 UTC,-0.03,13,76.9,+0.84,-0.63,0.08,0,0

============================================================
  DAILY METRICS — 2026-03-31 14:41 UTC
============================================================
  Daily PnL:        -0.06%
  Max Drawdown:     0.07%
  Trades Taken:     5
  Win Rate:         40.0%
  Avg Win:          +0.86%
  Avg Loss:         -0.34%
  SL Hits:          0
  Gap Events:       0
============================================================

CSV:2026-03-31 14:41 UTC,-0.06,5,40.0,+0.86,-0.34,0.07,0,0

============================================================
  DAILY METRICS — 2026-03-31 16:49 UTC
============================================================
  Daily PnL:        -0.08%
  Max Drawdown:     0.09%
  Trades Taken:     6
  Win Rate:         16.7%
  Avg Win:          +1.13%
  Avg Loss:         -0.85%
  SL Hits:          1
  Gap Events:       0
============================================================

CSV:2026-03-31 16:49 UTC,-0.08,6,16.7,+1.13,-0.85,0.09,1,0

============================================================
  DAILY METRICS — 2026-03-31 18:58 UTC
============================================================
  Daily PnL:        -0.03%
  Max Drawdown:     0.08%
  Trades Taken:     6
  Win Rate:         33.3%
  Avg Win:          +0.25%
  Avg Loss:         -0.38%
  SL Hits:          0
  Gap Events:       0
============================================================

CSV:2026-03-31 18:58 UTC,-0.03,6,33.3,+0.25,-0.38,0.08,0,0

============================================================
  DAILY METRICS — 2026-03-31 21:08 UTC
============================================================
  Daily PnL:        -0.08%
  Max Drawdown:     0.10%
  Trades Taken:     7
  Win Rate:         42.9%
  Avg Win:          +0.20%
  Avg Loss:         -0.45%
  SL Hits:          0
  Gap Events:       0
============================================================

CSV:2026-03-31 21:08 UTC,-0.08,7,42.9,+0.20,-0.45,0.10,0,0

============================================================
  DAILY METRICS — 2026-03-31 23:18 UTC
============================================================
  Daily PnL:        -0.02%
  Max Drawdown:     0.05%
  Trades Taken:     4
  Win Rate:         50.0%
  Avg Win:          +0.64%
  Avg Loss:         -0.32%
  SL Hits:          0
  Gap Events:       0
============================================================

CSV:2026-03-31 23:18 UTC,-0.02,4,50.0,+0.64,-0.32,0.05,0,0

============================================================
  DAILY METRICS — 2026-04-01 01:28 UTC
============================================================
  Daily PnL:        -0.07%
  Max Drawdown:     0.08%
  Trades Taken:     6
  Win Rate:         50.0%
  Avg Win:          +0.08%
  Avg Loss:         -0.78%
  SL Hits:          1
  Gap Events:       0
============================================================

CSV:2026-04-01 01:28 UTC,-0.07,6,50.0,+0.08,-0.78,0.08,1,0

============================================================
  DAILY METRICS — 2026-04-01 03:39 UTC
============================================================
  Daily PnL:        -0.02%
  Max Drawdown:     0.04%
  Trades Taken:     5
  Win Rate:         20.0%
  Avg Win:          +0.54%
  Avg Loss:         -0.41%
  SL Hits:          0
  Gap Events:       0
============================================================

CSV:2026-04-01 03:39 UTC,-0.02,5,20.0,+0.54,-0.41,0.04,0,0

============================================================
  DAILY METRICS — 2026-04-01 05:49 UTC
============================================================
  Daily PnL:        +0.03%
  Max Drawdown:     0.04%
  Trades Taken:     4
  Win Rate:         25.0%
  Avg Win:          +3.54%
  Avg Loss:         -0.77%
  SL Hits:          0
  Gap Events:       0
============================================================

CSV:2026-04-01 05:49 UTC,+0.03,4,25.0,+3.54,-0.77,0.04,0,0

============================================================
  DAILY METRICS — 2026-04-01 07:59 UTC
============================================================
  Daily PnL:        -0.01%
  Max Drawdown:     0.07%
  Trades Taken:     7
  Win Rate:         71.4%
  Avg Win:          +0.83%
  Avg Loss:         -0.65%
  SL Hits:          0
  Gap Events:       0
============================================================

CSV:2026-04-01 07:59 UTC,-0.01,7,71.4,+0.83,-0.65,0.07,0,0

============================================================
  DAILY METRICS — 2026-04-01 10:06 UTC
============================================================
  Daily PnL:        -0.04%
  Max Drawdown:     0.05%
  Trades Taken:     6
  Win Rate:         50.0%
  Avg Win:          +0.25%
  Avg Loss:         -0.71%
  SL Hits:          0
  Gap Events:       0
============================================================

CSV:2026-04-01 10:06 UTC,-0.04,6,50.0,+0.25,-0.71,0.05,0,0

============================================================
  DAILY METRICS — 2026-04-01 12:14 UTC
============================================================
  Daily PnL:        +0.05%
  Max Drawdown:     0.08%
  Trades Taken:     5
  Win Rate:         60.0%
  Avg Win:          +2.23%
  Avg Loss:         -0.70%
  SL Hits:          0
  Gap Events:       0
============================================================

CSV:2026-04-01 12:14 UTC,+0.05,5,60.0,+2.23,-0.70,0.08,0,0

============================================================
  DAILY METRICS — 2026-04-01 14:23 UTC
============================================================
  Daily PnL:        -0.16%
  Max Drawdown:     0.19%
  Trades Taken:     20
  Win Rate:         30.0%
  Avg Win:          +0.48%
  Avg Loss:         -0.57%
  SL Hits:          1
  Gap Events:       0
============================================================

CSV:2026-04-01 14:23 UTC,-0.16,20,30.0,+0.48,-0.57,0.19,1,0

============================================================
  DAILY METRICS — 2026-04-01 16:34 UTC
============================================================
  Daily PnL:        -0.03%
  Max Drawdown:     0.05%
  Trades Taken:     6
  Win Rate:         50.0%
  Avg Win:          +0.12%
  Avg Loss:         -0.37%
  SL Hits:          0
  Gap Events:       0
============================================================

CSV:2026-04-01 16:34 UTC,-0.03,6,50.0,+0.12,-0.37,0.05,0,0

============================================================
  DAILY METRICS — 2026-04-01 22:20 UTC
============================================================
  Daily PnL:        -0.43%
  Max Drawdown:     0.44%
  Trades Taken:     24
  Win Rate:         41.7%
  Avg Win:          +0.57%
  Avg Loss:         -0.44%
  SL Hits:          1
  Gap Events:       0
============================================================

CSV:2026-04-01 22:20 UTC,-0.43,24,41.7,+0.57,-0.44,0.44,1,0

============================================================
  DAILY METRICS — 2026-04-02 00:29 UTC
============================================================
  Daily PnL:        -0.14%
  Max Drawdown:     0.16%
  Trades Taken:     21
  Win Rate:         33.3%
  Avg Win:          +0.40%
  Avg Loss:         -0.56%
  SL Hits:          1
  Gap Events:       0
============================================================

CSV:2026-04-02 00:29 UTC,-0.14,21,33.3,+0.40,-0.56,0.16,1,0

============================================================
  DAILY METRICS — 2026-04-02 05:44 UTC
============================================================
  Daily PnL:        -0.31%
  Max Drawdown:     0.46%
  Trades Taken:     6
  Win Rate:         50.0%
  Avg Win:          +0.78%
  Avg Loss:         -0.68%
  SL Hits:          0
  Gap Events:       0
============================================================

CSV:2026-04-02 05:44 UTC,-0.31,6,50.0,+0.78,-0.68,0.46,0,0

============================================================
  DAILY METRICS — 2026-04-02 20:38 UTC
============================================================
  Daily PnL:        -0.75%
  Max Drawdown:     0.83%
  Trades Taken:     35
  Win Rate:         40.0%
  Avg Win:          +1.06%
  Avg Loss:         -1.09%
  SL Hits:          16
  Gap Events:       4
============================================================

CSV:2026-04-02 20:38 UTC,-0.75,35,40.0,+1.06,-1.09,0.83,16,4

============================================================
  DAILY METRICS — 2026-04-03 01:47 UTC
============================================================
  Daily PnL:        -0.23%
  Max Drawdown:     0.23%
  Trades Taken:     9
  Win Rate:         33.3%
  Avg Win:          +0.52%
  Avg Loss:         -0.64%
  SL Hits:          3
  Gap Events:       1
============================================================

CSV:2026-04-03 01:47 UTC,-0.23,9,33.3,+0.52,-0.64,0.23,3,1

============================================================
  DAILY METRICS — 2026-04-05 12:38 UTC
============================================================
  Daily PnL:        -1.07%
  Max Drawdown:     1.10%
  Trades Taken:     13
  Win Rate:         0.0%
  Avg Win:          +0.00%
  Avg Loss:         -2.28%
  SL Hits:          12
  Gap Events:       10
============================================================

CSV:2026-04-05 12:38 UTC,-1.07,13,0.0,+0.00,-2.28,1.10,12,10
